1515744355735	geckodriver	INFO	geckodriver 0.19.0
1515744355744	geckodriver	INFO	Listening on 127.0.0.1:50574
1515744357780	mozrunner::runner	INFO	Running command: "C:\\Program Files (x86)\\Mozilla Firefox\\firefox.exe" "-marionette" "-profile" "C:\\Users\\Administrator\\AppData\\Local\\Temp\\rust_mozprofile.PiM6s519FCF6"
1515744358617	Marionette	INFO	Enabled via --marionette
[GFX1-]: PossiblyBrokenSurfaceSharing_UnexpectedAMDGPU
[GFX1-]: PossiblyBrokenSurfaceSharing_UnexpectedAMDGPU
[GFX1-]: PossiblyBrokenSurfaceSharing_UnexpectedAMDGPU
1515744362122	Marionette	INFO	Listening on port 50580
1515744363051	Marionette	WARN	TLS certificate errors will be ignored for this session
1515744363135	Marionette	DEBUG	Register listener.js for window 4294967297
1515744363162	Marionette	DEBUG	Received DOM event "beforeunload" for "about:blank"
1515744363206	Marionette	DEBUG	Received DOM event "pagehide" for "about:blank"
1515744363206	Marionette	DEBUG	Received DOM event "unload" for "about:blank"
1515744363217	Marionette	DEBUG	Received DOM event "DOMContentLoaded" for "http://126.com/"
1515744363220	Marionette	DEBUG	Received DOM event "pageshow" for "http://126.com/"
1515744368596	Marionette	DEBUG	Canceled page load listener because no navigation has been detected
[Parent 8572, Gecko_IOThread] WARNING: pipe error: 109: file z:/build/build/src/ipc/chromium/src/chrome/common/ipc_channel_win.cc, line 346
eived DOM event "pageshow" for "https://mail.126.com/"
1515744263083	Marionette	DEBUG	Canceled page load listener because no navigation has been detected
[Parent 3256, Gecko_IOThread] WARNING: pipe error: 109: file z:/build/build/src/ipc/chromium/src/chrome/common/ipc_channel_win.cc, line 346
[Child 5584, Chrome_ChildThread] WARNING: pipe error: 109: file z:/build/build/src/ipc/chromium/src/chrome/common/ipc_channel_win.cc, line 346
[Child 7588, Chrome_ChildThread] WARNING: pipe error: 109: file z:/build/build/src/ipc/chromium/src/chrome/common/ipc_channel_win.cc, line 346
[GPU 6864, Chrome_ChildThread] WARNING: pipe error: 109: file z:/build/build/src/ipc/chromium/src/chrome/common/ipc_channel_win.cc, line 346

###!!! [Child][MessageChannel::SendAndWait] Error: Channel error: cannot send/recv

6.net/web/s/pt_musicbox_mailplayer.js?1935e90f11451e943faeec7830724276, line 11: unreachable code after return statement
JavaScript warning: https://s3.music.126.net/web/s/pt_musicbox_mailplayer.js?1935e90f11451e943faeec7830724276, line 11: unreachable code after return statement
[Parent 5436, Gecko_IOThread] WARNING: pipe error: 109: file z:/build/build/src/ipc/chromium/src/chrome/common/ipc_channel_win.cc, line 346
[Child 2996, Chrome_ChildThread] WARNING: pipe error: 109: file z:/build/build/src/ipc/chromium/src/chrome/common/ipc_channel_win.cc, line 346
[Child 2996, Chrome_ChildThread] WARNING: pipe error: 109: file z:/build/build/src/ipc/chromium/src/chrome/common/ipc_channel_win.cc, line 346
[Child 6728, Chrome_ChildThread] WARNING: pipe error: 109: file z:/build/build/src/ipc/chromium/src/chrome/common/ipc_channel_win.cc, line 346
[Child 6728, Chrome_ChildThread] WARNING: pipe error: 109: file z:/build/build/src/ipc/chromium/src/chrome/common/ipc_channel_win.cc, line 346

###!!! [Child][MessageChannel::SendAndWait] Error: Channel error: cannot send/recv

openvrpaths.vrpath
[Child 10232] WARNING: pipe error: 109: file z:/build/build/src/ipc/chromium/src/chrome/common/ipc_channel_win.cc, line 346
[Child 10232] WARNING: pipe error: 109: file z:/build/build/src/ipc/chromium/src/chrome/common/ipc_channel_win.cc, line 346
[Child 8720] WARNING: pipe error: 109: file z:/build/build/src/ipc/chromium/src/chrome/common/ipc_channel_win.cc, line 346
[Child 8720] WARNING: pipe error: 109: file z:/build/build/src/ipc/chromium/src/chrome/common/ipc_channel_win.cc, line 346
Unable to read VR Path Registry from C:\Users\Administrator\AppData\Local\openvr\openvrpaths.vrpath
