1513236050227	geckodriver	INFO	geckodriver 0.19.0
1513236050236	geckodriver	INFO	Listening on 127.0.0.1:64822
1513236052257	mozrunner::runner	INFO	Running command: "C:\\Program Files (x86)\\Mozilla Firefox\\firefox.exe" "-marionette" "-profile" "C:\\Users\\Administrator\\AppData\\Local\\Temp\\rust_mozprofile.YDFlkYsuN0s5"
1513236053126	Marionette	INFO	Enabled via --marionette
[GFX1-]: PossiblyBrokenSurfaceSharing_UnexpectedAMDGPU
[GFX1-]: PossiblyBrokenSurfaceSharing_UnexpectedAMDGPU
[Parent 7648, Gecko_IOThread] WARNING: pipe error: 109: file z:/build/build/src/ipc/chromium/src/chrome/common/ipc_channel_win.cc, line 346
[GFX1-]: PossiblyBrokenSurfaceSharing_UnexpectedAMDGPU
1513236056295	Marionette	INFO	Listening on port 64828
1513236056376	Marionette	WARN	TLS certificate errors will be ignored for this session
1513236056444	Marionette	DEBUG	Register listener.js for window 4294967297
1513236056508	Marionette	DEBUG	Received DOM event "beforeunload" for "about:blank"
1513236056629	Marionette	DEBUG	Received DOM event "pagehide" for "about:blank"
1513236056629	Marionette	DEBUG	Received DOM event "unload" for "about:blank"
1513236057337	Marionette	DEBUG	Received DOM event "DOMContentLoaded" for "http://126.com/"
1513236057383	Marionette	DEBUG	Received DOM event "pageshow" for "http://126.com/"
1513236061729	Marionette	DEBUG	Canceled page load listener because no navigation has been detected
JavaScript warning: https://web.yixin.im/m/r/core.js?7d338c1ef698e862cb58052c87490266, line 117: unreachable code after return statement
JavaScript warning: https://s3.music.126.net/sep/s/2/core.js?044dec5f6841dbee5169ff1caa3c65dd, line 93: unreachable code after return statement
JavaScript warning: https://s3.music.126.net/sep/s/2/pt_musicbox_mailplayer.js?99e94f6d71b0994d6b2df59ee658b0fe, line 11: unreachable code after return statement
JavaScript warning: https://s3.music.126.net/sep/s/2/pt_musicbox_mailplayer.js?99e94f6d71b0994d6b2df59ee658b0fe, line 11: unreachable code after return statement
ne 346

###!!! [Child][MessageChannel::SendAndWait] Error: Channel error: cannot send/recv

om/"
1510307969214	Marionette	DEBUG	Received DOM event "pageshow" for "http://126.com/"
1510308011005	addons.productaddons	WARN	Failed downloading via XHR, status: 0, reason: error
Unable to read VR Path Registry from C:\Users\Administrator\AppData\Local\openvr\openvrpaths.vrpath
[Parent 18584] WARNING: pipe error: 109: file z:/build/build/src/ipc/chromium/src/chrome/common/ipc_channel_win.cc, line 346
Unable to read VR Path Registry from C:\Users\Administrator\AppData\Local\openvr\openvrpaths.vrpath
[Child 20988] WARNING: pipe error: 109: file z:/build/build/src/ipc/chromium/src/chrome/common/ipc_channel_win.cc, line 346
[Child 20988] WARNING: pipe error: 109: file z:/build/build/src/ipc/chromium/src/chrome/common/ipc_channel_win.cc, line 346
Unable to read VR Path Registry from C:\Users\Administrator\AppData\Local\openvr\openvrpaths.vrpath
[Child 21952] WARNING: pipe error: 109: file z:/build/build/src/ipc/chromium/src/chrome/common/ipc_channel_win.cc, line 346
[Child 21952] WARNING: pipe error: 109: file z:/build/build/src/ipc/chromium/src/chrome/common/ipc_channel_win.cc, line 346
Unable to read VR Path Registry from C:\Users\Administrator\AppData\Local\openvr\openvrpaths.vrpath
[GPU 15592] WARNING: pipe error: 109: file z:/build/build/src/ipc/chromium/src/chrome/common/ipc_channel_win.cc, line 346

###!!! [Child][MessageChannel::SendAndWait] Error: Channel error: cannot send/recv

ipc_channel_win.cc, line 513
[14604] WARNING: failed to create pipe: 0: file z:/build/build/src/ipc/chromium/src/chrome/common/ipc_channel_win.cc, line 221
[14604] WARNING: Unable to create pipe named "18544.27.2146707901\246455066" in client mode.: file z:/build/build/src/ipc/chromium/src/chrome/common/ipc_channel_win.cc, line 59
